<?xml version="1.0" encoding="UTF-8"?>
<coverage generated="1776137331243" clover="3.2.0">
  <project timestamp="1776137331243" name="All files">
    <metrics statements="75" coveredstatements="53" conditionals="30" coveredconditionals="2" methods="11" coveredmethods="3" elements="116" coveredelements="58" complexity="0" loc="75" ncloc="75" packages="4" files="12" classes="12"/>
    <package name="common.errors">
      <metrics statements="37" coveredstatements="24" conditionals="24" coveredconditionals="2" methods="8" coveredmethods="2"/>
      <file name="BadRequestError.js" path="D:\Respositories\SEP490_G40_SP26\backend\src\common\errors\BadRequestError.js">
        <metrics statements="4" coveredstatements="2" conditionals="3" coveredconditionals="0" methods="1" coveredmethods="0"/>
        <line num="1" count="1" type="stmt"/>
        <line num="5" count="0" type="stmt"/>
        <line num="6" count="0" type="stmt"/>
        <line num="10" count="1" type="stmt"/>
      </file>
      <file name="BaseError.js" path="D:\Respositories\SEP490_G40_SP26\backend\src\common\errors\BaseError.js">
        <metrics statements="7" coveredstatements="7" conditionals="3" coveredconditionals="0" methods="1" coveredmethods="1"/>
        <line num="3" count="1" type="stmt"/>
        <line num="4" count="1" type="stmt"/>
        <line num="5" count="1" type="stmt"/>
        <line num="6" count="1" type="stmt"/>
        <line num="7" count="1" type="stmt"/>
        <line num="8" count="1" type="stmt"/>
        <line num="12" count="1" type="stmt"/>
      </file>
      <file name="ConflictError.js" path="D:\Respositories\SEP490_G40_SP26\backend\src\common\errors\ConflictError.js">
        <metrics statements="4" coveredstatements="2" conditionals="3" coveredconditionals="0" methods="1" coveredmethods="0"/>
        <line num="1" count="1" type="stmt"/>
        <line num="5" count="0" type="stmt"/>
        <line num="6" count="0" type="stmt"/>
        <line num="10" count="1" type="stmt"/>
      </file>
      <file name="ForbiddenError.js" path="D:\Respositories\SEP490_G40_SP26\backend\src\common\errors\ForbiddenError.js">
        <metrics statements="4" coveredstatements="2" conditionals="3" coveredconditionals="0" methods="1" coveredmethods="0"/>
        <line num="1" count="1" type="stmt"/>
        <line num="5" count="0" type="stmt"/>
        <line num="6" count="0" type="stmt"/>
        <line num="10" count="1" type="stmt"/>
      </file>
      <file name="InternalServerError.js" path="D:\Respositories\SEP490_G40_SP26\backend\src\common\errors\InternalServerError.js">
        <metrics statements="4" coveredstatements="4" conditionals="3" coveredconditionals="2" methods="1" coveredmethods="1"/>
        <line num="1" count="1" type="stmt"/>
        <line num="5" count="1" type="stmt"/>
        <line num="6" count="1" type="stmt"/>
        <line num="10" count="1" type="stmt"/>
      </file>
      <file name="NotFoundError.js" path="D:\Respositories\SEP490_G40_SP26\backend\src\common\errors\NotFoundError.js">
        <metrics statements="4" coveredstatements="2" conditionals="3" coveredconditionals="0" methods="1" coveredmethods="0"/>
        <line num="1" count="1" type="stmt"/>
        <line num="5" count="0" type="stmt"/>
        <line num="6" count="0" type="stmt"/>
        <line num="10" count="1" type="stmt"/>
      </file>
      <file name="UnauthorizedError.js" path="D:\Respositories\SEP490_G40_SP26\backend\src\common\errors\UnauthorizedError.js">
        <metrics statements="5" coveredstatements="2" conditionals="3" coveredconditionals="0" methods="1" coveredmethods="0"/>
        <line num="1" count="1" type="stmt"/>
        <line num="5" count="0" type="stmt"/>
        <line num="6" count="0" type="stmt"/>
        <line num="7" count="0" type="stmt"/>
        <line num="11" count="1" type="stmt"/>
      </file>
      <file name="ValidationError.js" path="D:\Respositories\SEP490_G40_SP26\backend\src\common\errors\ValidationError.js">
        <metrics statements="4" coveredstatements="2" conditionals="3" coveredconditionals="0" methods="1" coveredmethods="0"/>
        <line num="1" count="1" type="stmt"/>
        <line num="5" count="0" type="stmt"/>
        <line num="6" count="0" type="stmt"/>
        <line num="10" count="1" type="stmt"/>
      </file>
      <file name="index.js" path="D:\Respositories\SEP490_G40_SP26\backend\src\common\errors\index.js">
        <metrics statements="1" coveredstatements="1" conditionals="0" coveredconditionals="0" methods="0" coveredmethods="0"/>
        <line num="1" count="1" type="stmt"/>
      </file>
    </package>
    <package name="modules.appointment.models">
      <metrics statements="13" coveredstatements="7" conditionals="4" coveredconditionals="0" methods="1" coveredmethods="0"/>
      <file name="appointment.model.js" path="D:\Respositories\SEP490_G40_SP26\backend\src\modules\appointment\models\appointment.model.js">
        <metrics statements="13" coveredstatements="7" conditionals="4" coveredconditionals="0" methods="1" coveredmethods="0"/>
        <line num="1" count="1" type="stmt"/>
        <line num="2" count="1" type="stmt"/>
        <line num="4" count="1" type="stmt"/>
        <line num="90" count="1" type="stmt"/>
        <line num="91" count="1" type="stmt"/>
        <line num="93" count="1" type="stmt"/>
        <line num="94" count="0" type="stmt"/>
        <line num="95" count="0" type="stmt"/>
        <line num="97" count="0" type="stmt"/>
        <line num="98" count="0" type="stmt"/>
        <line num="100" count="0" type="stmt"/>
        <line num="108" count="0" type="cond" truecount="0" falsecount="4"/>
        <line num="111" count="1" type="stmt"/>
      </file>
    </package>
    <package name="modules.patient.model">
      <metrics statements="8" coveredstatements="5" conditionals="2" coveredconditionals="0" methods="1" coveredmethods="0"/>
      <file name="patient.model.js" path="D:\Respositories\SEP490_G40_SP26\backend\src\modules\patient\model\patient.model.js">
        <metrics statements="8" coveredstatements="5" conditionals="2" coveredconditionals="0" methods="1" coveredmethods="0"/>
        <line num="1" count="1" type="stmt"/>
        <line num="2" count="1" type="stmt"/>
        <line num="4" count="1" type="stmt"/>
        <line num="39" count="1" type="stmt"/>
        <line num="40" count="0" type="cond" truecount="0" falsecount="2"/>
        <line num="41" count="0" type="stmt"/>
        <line num="42" count="0" type="stmt"/>
        <line num="46" count="1" type="stmt"/>
      </file>
    </package>
    <package name="modules.receptionist.service">
      <metrics statements="17" coveredstatements="17" conditionals="0" coveredconditionals="0" methods="1" coveredmethods="1"/>
      <file name="dashboard.service.js" path="D:\Respositories\SEP490_G40_SP26\backend\src\modules\receptionist\service\dashboard.service.js">
        <metrics statements="17" coveredstatements="17" conditionals="0" coveredconditionals="0" methods="1" coveredmethods="1"/>
        <line num="1" count="1" type="stmt"/>
        <line num="2" count="1" type="stmt"/>
        <line num="3" count="1" type="stmt"/>
        <line num="4" count="1" type="stmt"/>
        <line num="7" count="1" type="stmt"/>
        <line num="8" count="1" type="stmt"/>
        <line num="9" count="1" type="stmt"/>
        <line num="10" count="1" type="stmt"/>
        <line num="11" count="1" type="stmt"/>
        <line num="12" count="1" type="stmt"/>
        <line num="13" count="1" type="stmt"/>
        <line num="15" count="1" type="stmt"/>
        <line num="16" count="2" type="stmt"/>
        <line num="18" count="2" type="stmt"/>
        <line num="47" count="1" type="stmt"/>
        <line num="59" count="1" type="stmt"/>
        <line num="63" count="1" type="stmt"/>
      </file>
    </package>
  </project>
</coverage>
