{"D:\\Respositories\\SEP490_G40_SP26\\backend\\src\\common\\errors\\BadRequestError.js": {"path":"D:\\Respositories\\SEP490_G40_SP26\\backend\\src\\common\\errors\\BadRequestError.js","statementMap":{"0":{"start":{"line":1,"column":18},"end":{"line":1,"column":40}},"1":{"start":{"line":5,"column":8},"end":{"line":5,"column":47}},"2":{"start":{"line":6,"column":8},"end":{"line":6,"column":38}},"3":{"start":{"line":10,"column":0},"end":{"line":10,"column":33}}},"fnMap":{"0":{"name":"(anonymous_0)","decl":{"start":{"line":4,"column":4},"end":{"line":4,"column":5}},"loc":{"start":{"line":4,"column":89},"end":{"line":7,"column":5}},"line":4}},"branchMap":{"0":{"loc":{"start":{"line":4,"column":16},"end":{"line":4,"column":39}},"type":"default-arg","locations":[{"start":{"line":4,"column":26},"end":{"line":4,"column":39}}],"line":4},"1":{"loc":{"start":{"line":4,"column":41},"end":{"line":4,"column":72}},"type":"default-arg","locations":[{"start":{"line":4,"column":53},"end":{"line":4,"column":72}}],"line":4},"2":{"loc":{"start":{"line":4,"column":74},"end":{"line":4,"column":87}},"type":"default-arg","locations":[{"start":{"line":4,"column":83},"end":{"line":4,"column":87}}],"line":4}},"s":{"0":1,"1":0,"2":0,"3":1},"f":{"0":0},"b":{"0":[0],"1":[0],"2":[0]},"_coverageSchema":"1a1c01bbd47fc00a2c39e90264f33305004495a9","hash":"db0920b780be4af626e97b65f7186983b4b043ac"}
,"D:\\Respositories\\SEP490_G40_SP26\\backend\\src\\common\\errors\\BaseError.js": {"path":"D:\\Respositories\\SEP490_G40_SP26\\backend\\src\\common\\errors\\BaseError.js","statementMap":{"0":{"start":{"line":3,"column":8},"end":{"line":3,"column":23}},"1":{"start":{"line":4,"column":8},"end":{"line":4,"column":37}},"2":{"start":{"line":5,"column":8},"end":{"line":5,"column":35}},"3":{"start":{"line":6,"column":8},"end":{"line":6,"column":29}},"4":{"start":{"line":7,"column":8},"end":{"line":7,"column":34}},"5":{"start":{"line":8,"column":8},"end":{"line":8,"column":56}},"6":{"start":{"line":12,"column":0},"end":{"line":12,"column":27}}},"fnMap":{"0":{"name":"(anonymous_0)","decl":{"start":{"line":2,"column":4},"end":{"line":2,"column":5}},"loc":{"start":{"line":2,"column":95},"end":{"line":9,"column":5}},"line":2}},"branchMap":{"0":{"loc":{"start":{"line":2,"column":25},"end":{"line":2,"column":41}},"type":"default-arg","locations":[{"start":{"line":2,"column":38},"end":{"line":2,"column":41}}],"line":2},"1":{"loc":{"start":{"line":2,"column":43},"end":{"line":2,"column":78}},"type":"default-arg","locations":[{"start":{"line":2,"column":55},"end":{"line":2,"column":78}}],"line":2},"2":{"loc":{"start":{"line":2,"column":80},"end":{"line":2,"column":93}},"type":"default-arg","locations":[{"start":{"line":2,"column":89},"end":{"line":2,"column":93}}],"line":2}},"s":{"0":1,"1":1,"2":1,"3":1,"4":1,"5":1,"6":1},"f":{"0":1},"b":{"0":[0],"1":[0],"2":[0]},"_coverageSchema":"1a1c01bbd47fc00a2c39e90264f33305004495a9","hash":"819de96df73452c48443a9671141077aa032af15"}
,"D:\\Respositories\\SEP490_G40_SP26\\backend\\src\\common\\errors\\ConflictError.js": {"path":"D:\\Respositories\\SEP490_G40_SP26\\backend\\src\\common\\errors\\ConflictError.js","statementMap":{"0":{"start":{"line":1,"column":18},"end":{"line":1,"column":40}},"1":{"start":{"line":5,"column":8},"end":{"line":5,"column":47}},"2":{"start":{"line":6,"column":8},"end":{"line":6,"column":36}},"3":{"start":{"line":10,"column":0},"end":{"line":10,"column":31}}},"fnMap":{"0":{"name":"(anonymous_0)","decl":{"start":{"line":4,"column":4},"end":{"line":4,"column":5}},"loc":{"start":{"line":4,"column":98},"end":{"line":7,"column":5}},"line":4}},"branchMap":{"0":{"loc":{"start":{"line":4,"column":16},"end":{"line":4,"column":51}},"type":"default-arg","locations":[{"start":{"line":4,"column":26},"end":{"line":4,"column":51}}],"line":4},"1":{"loc":{"start":{"line":4,"column":53},"end":{"line":4,"column":81}},"type":"default-arg","locations":[{"start":{"line":4,"column":65},"end":{"line":4,"column":81}}],"line":4},"2":{"loc":{"start":{"line":4,"column":83},"end":{"line":4,"column":96}},"type":"default-arg","locations":[{"start":{"line":4,"column":92},"end":{"line":4,"column":96}}],"line":4}},"s":{"0":1,"1":0,"2":0,"3":1},"f":{"0":0},"b":{"0":[0],"1":[0],"2":[0]},"_coverageSchema":"1a1c01bbd47fc00a2c39e90264f33305004495a9","hash":"4523ad7f417ec38a7290c600a985cdd3d75fd782"}
,"D:\\Respositories\\SEP490_G40_SP26\\backend\\src\\common\\errors\\ForbiddenError.js": {"path":"D:\\Respositories\\SEP490_G40_SP26\\backend\\src\\common\\errors\\ForbiddenError.js","statementMap":{"0":{"start":{"line":1,"column":18},"end":{"line":1,"column":40}},"1":{"start":{"line":5,"column":8},"end":{"line":5,"column":47}},"2":{"start":{"line":6,"column":8},"end":{"line":6,"column":37}},"3":{"start":{"line":10,"column":0},"end":{"line":10,"column":32}}},"fnMap":{"0":{"name":"(anonymous_0)","decl":{"start":{"line":4,"column":4},"end":{"line":4,"column":5}},"loc":{"start":{"line":4,"column":114},"end":{"line":7,"column":5}},"line":4}},"branchMap":{"0":{"loc":{"start":{"line":4,"column":16},"end":{"line":4,"column":66}},"type":"default-arg","locations":[{"start":{"line":4,"column":26},"end":{"line":4,"column":66}}],"line":4},"1":{"loc":{"start":{"line":4,"column":68},"end":{"line":4,"column":97}},"type":"default-arg","locations":[{"start":{"line":4,"column":80},"end":{"line":4,"column":97}}],"line":4},"2":{"loc":{"start":{"line":4,"column":99},"end":{"line":4,"column":112}},"type":"default-arg","locations":[{"start":{"line":4,"column":108},"end":{"line":4,"column":112}}],"line":4}},"s":{"0":1,"1":0,"2":0,"3":1},"f":{"0":0},"b":{"0":[0],"1":[0],"2":[0]},"_coverageSchema":"1a1c01bbd47fc00a2c39e90264f33305004495a9","hash":"0311d6cdc6ae72e8d5c35221b3f14c6aca47c6c6"}
,"D:\\Respositories\\SEP490_G40_SP26\\backend\\src\\common\\errors\\InternalServerError.js": {"path":"D:\\Respositories\\SEP490_G40_SP26\\backend\\src\\common\\errors\\InternalServerError.js","statementMap":{"0":{"start":{"line":1,"column":18},"end":{"line":1,"column":40}},"1":{"start":{"line":5,"column":8},"end":{"line":5,"column":47}},"2":{"start":{"line":6,"column":8},"end":{"line":6,"column":42}},"3":{"start":{"line":10,"column":0},"end":{"line":10,"column":37}}},"fnMap":{"0":{"name":"(anonymous_0)","decl":{"start":{"line":4,"column":4},"end":{"line":4,"column":5}},"loc":{"start":{"line":4,"column":103},"end":{"line":7,"column":5}},"line":4}},"branchMap":{"0":{"loc":{"start":{"line":4,"column":16},"end":{"line":4,"column":49}},"type":"default-arg","locations":[{"start":{"line":4,"column":26},"end":{"line":4,"column":49}}],"line":4},"1":{"loc":{"start":{"line":4,"column":51},"end":{"line":4,"column":86}},"type":"default-arg","locations":[{"start":{"line":4,"column":63},"end":{"line":4,"column":86}}],"line":4},"2":{"loc":{"start":{"line":4,"column":88},"end":{"line":4,"column":101}},"type":"default-arg","locations":[{"start":{"line":4,"column":97},"end":{"line":4,"column":101}}],"line":4}},"s":{"0":1,"1":1,"2":1,"3":1},"f":{"0":1},"b":{"0":[0],"1":[1],"2":[1]},"_coverageSchema":"1a1c01bbd47fc00a2c39e90264f33305004495a9","hash":"b6f5eea02f81adad0fd6a89184bc7707caa611de"}
,"D:\\Respositories\\SEP490_G40_SP26\\backend\\src\\common\\errors\\NotFoundError.js": {"path":"D:\\Respositories\\SEP490_G40_SP26\\backend\\src\\common\\errors\\NotFoundError.js","statementMap":{"0":{"start":{"line":1,"column":18},"end":{"line":1,"column":40}},"1":{"start":{"line":5,"column":8},"end":{"line":5,"column":47}},"2":{"start":{"line":6,"column":8},"end":{"line":6,"column":36}},"3":{"start":{"line":10,"column":0},"end":{"line":10,"column":31}}},"fnMap":{"0":{"name":"(anonymous_0)","decl":{"start":{"line":4,"column":4},"end":{"line":4,"column":5}},"loc":{"start":{"line":4,"column":94},"end":{"line":7,"column":5}},"line":4}},"branchMap":{"0":{"loc":{"start":{"line":4,"column":16},"end":{"line":4,"column":46}},"type":"default-arg","locations":[{"start":{"line":4,"column":26},"end":{"line":4,"column":46}}],"line":4},"1":{"loc":{"start":{"line":4,"column":48},"end":{"line":4,"column":77}},"type":"default-arg","locations":[{"start":{"line":4,"column":60},"end":{"line":4,"column":77}}],"line":4},"2":{"loc":{"start":{"line":4,"column":79},"end":{"line":4,"column":92}},"type":"default-arg","locations":[{"start":{"line":4,"column":88},"end":{"line":4,"column":92}}],"line":4}},"s":{"0":1,"1":0,"2":0,"3":1},"f":{"0":0},"b":{"0":[0],"1":[0],"2":[0]},"_coverageSchema":"1a1c01bbd47fc00a2c39e90264f33305004495a9","hash":"3fcf050ee9419d921874e54eeebae46755cb51c3"}
,"D:\\Respositories\\SEP490_G40_SP26\\backend\\src\\common\\errors\\UnauthorizedError.js": {"path":"D:\\Respositories\\SEP490_G40_SP26\\backend\\src\\common\\errors\\UnauthorizedError.js","statementMap":{"0":{"start":{"line":1,"column":18},"end":{"line":1,"column":40}},"1":{"start":{"line":5,"column":8},"end":{"line":5,"column":47}},"2":{"start":{"line":6,"column":8},"end":{"line":6,"column":29}},"3":{"start":{"line":7,"column":8},"end":{"line":7,"column":40}},"4":{"start":{"line":11,"column":0},"end":{"line":11,"column":35}}},"fnMap":{"0":{"name":"(anonymous_0)","decl":{"start":{"line":4,"column":4},"end":{"line":4,"column":5}},"loc":{"start":{"line":4,"column":91},"end":{"line":8,"column":5}},"line":4}},"branchMap":{"0":{"loc":{"start":{"line":4,"column":16},"end":{"line":4,"column":40}},"type":"default-arg","locations":[{"start":{"line":4,"column":26},"end":{"line":4,"column":40}}],"line":4},"1":{"loc":{"start":{"line":4,"column":42},"end":{"line":4,"column":74}},"type":"default-arg","locations":[{"start":{"line":4,"column":54},"end":{"line":4,"column":74}}],"line":4},"2":{"loc":{"start":{"line":4,"column":76},"end":{"line":4,"column":89}},"type":"default-arg","locations":[{"start":{"line":4,"column":85},"end":{"line":4,"column":89}}],"line":4}},"s":{"0":1,"1":0,"2":0,"3":0,"4":1},"f":{"0":0},"b":{"0":[0],"1":[0],"2":[0]},"_coverageSchema":"1a1c01bbd47fc00a2c39e90264f33305004495a9","hash":"bfab7dc935f3711ec95b3cf6ab2eb9675615117d"}
,"D:\\Respositories\\SEP490_G40_SP26\\backend\\src\\common\\errors\\ValidationError.js": {"path":"D:\\Respositories\\SEP490_G40_SP26\\backend\\src\\common\\errors\\ValidationError.js","statementMap":{"0":{"start":{"line":1,"column":18},"end":{"line":1,"column":40}},"1":{"start":{"line":5,"column":8},"end":{"line":5,"column":47}},"2":{"start":{"line":6,"column":8},"end":{"line":6,"column":38}},"3":{"start":{"line":10,"column":0},"end":{"line":10,"column":33}}},"fnMap":{"0":{"name":"(anonymous_0)","decl":{"start":{"line":4,"column":4},"end":{"line":4,"column":5}},"loc":{"start":{"line":4,"column":94},"end":{"line":7,"column":5}},"line":4}},"branchMap":{"0":{"loc":{"start":{"line":4,"column":16},"end":{"line":4,"column":45}},"type":"default-arg","locations":[{"start":{"line":4,"column":26},"end":{"line":4,"column":45}}],"line":4},"1":{"loc":{"start":{"line":4,"column":47},"end":{"line":4,"column":77}},"type":"default-arg","locations":[{"start":{"line":4,"column":59},"end":{"line":4,"column":77}}],"line":4},"2":{"loc":{"start":{"line":4,"column":79},"end":{"line":4,"column":92}},"type":"default-arg","locations":[{"start":{"line":4,"column":88},"end":{"line":4,"column":92}}],"line":4}},"s":{"0":1,"1":0,"2":0,"3":1},"f":{"0":0},"b":{"0":[0],"1":[0],"2":[0]},"_coverageSchema":"1a1c01bbd47fc00a2c39e90264f33305004495a9","hash":"c1a23d36591b7fad1fde7a78f183ab290f2f79b2"}
,"D:\\Respositories\\SEP490_G40_SP26\\backend\\src\\common\\errors\\index.js": {"path":"D:\\Respositories\\SEP490_G40_SP26\\backend\\src\\common\\errors\\index.js","statementMap":{"0":{"start":{"line":1,"column":0},"end":{"line":10,"column":2}}},"fnMap":{},"branchMap":{},"s":{"0":1},"f":{},"b":{},"_coverageSchema":"1a1c01bbd47fc00a2c39e90264f33305004495a9","hash":"c07cb58c47ac51480f674859e884970659892aed"}
,"D:\\Respositories\\SEP490_G40_SP26\\backend\\src\\modules\\appointment\\models\\appointment.model.js": {"path":"D:\\Respositories\\SEP490_G40_SP26\\backend\\src\\modules\\appointment\\models\\appointment.model.js","statementMap":{"0":{"start":{"line":1,"column":17},"end":{"line":1,"column":36}},"1":{"start":{"line":2,"column":19},"end":{"line":2,"column":27}},"2":{"start":{"line":4,"column":26},"end":{"line":88,"column":1}},"3":{"start":{"line":90,"column":0},"end":{"line":90,"column":63}},"4":{"start":{"line":91,"column":0},"end":{"line":91,"column":38}},"5":{"start":{"line":93,"column":0},"end":{"line":109,"column":2}},"6":{"start":{"line":94,"column":23},"end":{"line":94,"column":37}},"7":{"start":{"line":95,"column":4},"end":{"line":95,"column":36}},"8":{"start":{"line":97,"column":21},"end":{"line":97,"column":35}},"9":{"start":{"line":98,"column":4},"end":{"line":98,"column":39}},"10":{"start":{"line":100,"column":28},"end":{"line":106,"column":15}},"11":{"start":{"line":108,"column":4},"end":{"line":108,"column":98}},"12":{"start":{"line":111,"column":0},"end":{"line":111,"column":66}}},"fnMap":{"0":{"name":"(anonymous_0)","decl":{"start":{"line":93,"column":47},"end":{"line":93,"column":48}},"loc":{"start":{"line":93,"column":69},"end":{"line":109,"column":1}},"line":93}},"branchMap":{"0":{"loc":{"start":{"line":108,"column":11},"end":{"line":108,"column":97}},"type":"cond-expr","locations":[{"start":{"line":108,"column":61},"end":{"line":108,"column":93}},{"start":{"line":108,"column":96},"end":{"line":108,"column":97}}],"line":108},"1":{"loc":{"start":{"line":108,"column":11},"end":{"line":108,"column":58}},"type":"binary-expr","locations":[{"start":{"line":108,"column":11},"end":{"line":108,"column":26}},{"start":{"line":108,"column":30},"end":{"line":108,"column":58}}],"line":108}},"s":{"0":1,"1":1,"2":1,"3":1,"4":1,"5":1,"6":0,"7":0,"8":0,"9":0,"10":0,"11":0,"12":1},"f":{"0":0},"b":{"0":[0,0],"1":[0,0]},"_coverageSchema":"1a1c01bbd47fc00a2c39e90264f33305004495a9","hash":"cc146a86c900c988e49001ec1b5a283ab18a4718"}
,"D:\\Respositories\\SEP490_G40_SP26\\backend\\src\\modules\\patient\\model\\patient.model.js": {"path":"D:\\Respositories\\SEP490_G40_SP26\\backend\\src\\modules\\patient\\model\\patient.model.js","statementMap":{"0":{"start":{"line":1,"column":17},"end":{"line":1,"column":36}},"1":{"start":{"line":2,"column":19},"end":{"line":2,"column":27}},"2":{"start":{"line":4,"column":22},"end":{"line":36,"column":1}},"3":{"start":{"line":39,"column":0},"end":{"line":44,"column":3}},"4":{"start":{"line":40,"column":4},"end":{"line":43,"column":5}},"5":{"start":{"line":41,"column":22},"end":{"line":41,"column":70}},"6":{"start":{"line":42,"column":8},"end":{"line":42,"column":70}},"7":{"start":{"line":46,"column":0},"end":{"line":46,"column":58}}},"fnMap":{"0":{"name":"(anonymous_0)","decl":{"start":{"line":39,"column":26},"end":{"line":39,"column":27}},"loc":{"start":{"line":39,"column":44},"end":{"line":44,"column":1}},"line":39}},"branchMap":{"0":{"loc":{"start":{"line":40,"column":4},"end":{"line":43,"column":5}},"type":"if","locations":[{"start":{"line":40,"column":4},"end":{"line":43,"column":5}},{"start":{},"end":{}}],"line":40}},"s":{"0":1,"1":1,"2":1,"3":1,"4":0,"5":0,"6":0,"7":1},"f":{"0":0},"b":{"0":[0,0]},"_coverageSchema":"1a1c01bbd47fc00a2c39e90264f33305004495a9","hash":"6aec0b74cf6d347b7864ddd76be4cc51d34388fc"}
,"D:\\Respositories\\SEP490_G40_SP26\\backend\\src\\modules\\receptionist\\service\\dashboard.service.js": {"path":"D:\\Respositories\\SEP490_G40_SP26\\backend\\src\\modules\\receptionist\\service\\dashboard.service.js","statementMap":{"0":{"start":{"line":1,"column":25},"end":{"line":1,"column":78}},"1":{"start":{"line":2,"column":21},"end":{"line":2,"column":65}},"2":{"start":{"line":3,"column":15},"end":{"line":3,"column":54}},"3":{"start":{"line":4,"column":17},"end":{"line":4,"column":50}},"4":{"start":{"line":7,"column":21},"end":{"line":7,"column":31}},"5":{"start":{"line":8,"column":0},"end":{"line":8,"column":34}},"6":{"start":{"line":9,"column":19},"end":{"line":9,"column":29}},"7":{"start":{"line":10,"column":0},"end":{"line":10,"column":37}},"8":{"start":{"line":11,"column":21},"end":{"line":11,"column":31}},"9":{"start":{"line":12,"column":0},"end":{"line":12,"column":24}},"10":{"start":{"line":13,"column":0},"end":{"line":13,"column":34}},"11":{"start":{"line":15,"column":0},"end":{"line":66,"column":1}},"12":{"start":{"line":16,"column":4},"end":{"line":64,"column":5}},"13":{"start":{"line":18,"column":94},"end":{"line":45,"column":10}},"14":{"start":{"line":47,"column":8},"end":{"line":57,"column":9}},"15":{"start":{"line":59,"column":8},"end":{"line":62,"column":10}},"16":{"start":{"line":63,"column":8},"end":{"line":63,"column":61}}},"fnMap":{"0":{"name":"(anonymous_0)","decl":{"start":{"line":15,"column":23},"end":{"line":15,"column":24}},"loc":{"start":{"line":15,"column":35},"end":{"line":66,"column":1}},"line":15}},"branchMap":{},"s":{"0":1,"1":1,"2":1,"3":1,"4":1,"5":1,"6":1,"7":1,"8":1,"9":1,"10":1,"11":1,"12":2,"13":2,"14":1,"15":1,"16":1},"f":{"0":2},"b":{},"_coverageSchema":"1a1c01bbd47fc00a2c39e90264f33305004495a9","hash":"dea1643e6c91816f010eaa817b9a2ad942e238b9"}
}
